[10-Dec-2024 20:37:24 UTC] PHP Warning:  Undefined variable $new_badge in /Users/odeliafinkelstein/Local Sites/oded/app/public/wp-content/themes/oded-theme/archive-project.php on line 29
[10-Dec-2024 20:37:24 UTC] PHP Warning:  Undefined variable $new_badge in /Users/odeliafinkelstein/Local Sites/oded/app/public/wp-content/themes/oded-theme/archive-project.php on line 29
[04-Feb-2025 19:39:59 UTC] PHP Warning:  Trying to access array offset on value of type null in /Users/odeliafinkelstein/Local Sites/oded/app/public/wp-content/themes/oded-theme/archive-project.php on line 32
[04-Feb-2025 19:39:59 UTC] PHP Warning:  Trying to access array offset on value of type null in /Users/odeliafinkelstein/Local Sites/oded/app/public/wp-content/themes/oded-theme/archive-project.php on line 32
[04-Feb-2025 19:39:59 UTC] PHP Warning:  Trying to access array offset on value of type null in /Users/odeliafinkelstein/Local Sites/oded/app/public/wp-content/themes/oded-theme/archive-project.php on line 32
[04-Feb-2025 21:02:53 UTC] PHP Warning:  Undefined variable $image in /Users/odeliafinkelstein/Local Sites/oded/app/public/wp-content/themes/oded-theme/archive-project.php on line 58
[04-Feb-2025 21:02:56 UTC] PHP Warning:  Undefined variable $image in /Users/odeliafinkelstein/Local Sites/oded/app/public/wp-content/themes/oded-theme/archive-project.php on line 58
[04-Feb-2025 21:03:10 UTC] PHP Warning:  Undefined variable $image in /Users/odeliafinkelstein/Local Sites/oded/app/public/wp-content/themes/oded-theme/archive-project.php on line 58
[04-Feb-2025 21:05:35 UTC] PHP Warning:  Undefined variable $image in /Users/odeliafinkelstein/Local Sites/oded/app/public/wp-content/themes/oded-theme/archive-project.php on line 39
[04-Feb-2025 21:05:35 UTC] PHP Warning:  Undefined variable $image in /Users/odeliafinkelstein/Local Sites/oded/app/public/wp-content/themes/oded-theme/archive-project.php on line 39
[04-Feb-2025 21:05:35 UTC] PHP Warning:  Undefined variable $image in /Users/odeliafinkelstein/Local Sites/oded/app/public/wp-content/themes/oded-theme/archive-project.php on line 39
[04-Feb-2025 21:31:27 UTC] PHP Warning:  Undefined variable $image in /Users/odeliafinkelstein/Local Sites/oded/app/public/wp-content/themes/oded-theme/archive-project.php on line 4
[04-Feb-2025 21:45:46 UTC] PHP Fatal error:  Uncaught TypeError: ltrim(): Argument #1 ($string) must be of type string, array given in /Users/odeliafinkelstein/Local Sites/oded/app/public/wp-includes/formatting.php:4467
Stack trace:
#0 /Users/odeliafinkelstein/Local Sites/oded/app/public/wp-includes/formatting.php(4467): ltrim(Array)
#1 /Users/odeliafinkelstein/Local Sites/oded/app/public/wp-content/themes/oded-theme/archive-project.php(4): esc_url(Array)
#2 /Users/odeliafinkelstein/Local Sites/oded/app/public/wp-includes/template-loader.php(106): include('/Users/odeliafi...')
#3 /Users/odeliafinkelstein/Local Sites/oded/app/public/wp-blog-header.php(19): require_once('/Users/odeliafi...')
#4 /Users/odeliafinkelstein/Local Sites/oded/app/public/index.php(17): require('/Users/odeliafi...')
#5 {main}
  thrown in /Users/odeliafinkelstein/Local Sites/oded/app/public/wp-includes/formatting.php on line 4467
[04-Feb-2025 21:46:24 UTC] PHP Fatal error:  Uncaught TypeError: ltrim(): Argument #1 ($string) must be of type string, array given in /Users/odeliafinkelstein/Local Sites/oded/app/public/wp-includes/formatting.php:4467
Stack trace:
#0 /Users/odeliafinkelstein/Local Sites/oded/app/public/wp-includes/formatting.php(4467): ltrim(Array)
#1 /Users/odeliafinkelstein/Local Sites/oded/app/public/wp-content/themes/oded-theme/archive-project.php(4): esc_url(Array)
#2 /Users/odeliafinkelstein/Local Sites/oded/app/public/wp-includes/template-loader.php(106): include('/Users/odeliafi...')
#3 /Users/odeliafinkelstein/Local Sites/oded/app/public/wp-blog-header.php(19): require_once('/Users/odeliafi...')
#4 /Users/odeliafinkelstein/Local Sites/oded/app/public/index.php(17): require('/Users/odeliafi...')
#5 {main}
  thrown in /Users/odeliafinkelstein/Local Sites/oded/app/public/wp-includes/formatting.php on line 4467
[04-Feb-2025 21:46:32 UTC] PHP Fatal error:  Uncaught TypeError: ltrim(): Argument #1 ($string) must be of type string, array given in /Users/odeliafinkelstein/Local Sites/oded/app/public/wp-includes/formatting.php:4467
Stack trace:
#0 /Users/odeliafinkelstein/Local Sites/oded/app/public/wp-includes/formatting.php(4467): ltrim(Array)
#1 /Users/odeliafinkelstein/Local Sites/oded/app/public/wp-content/themes/oded-theme/archive-project.php(27): esc_url(Array)
#2 /Users/odeliafinkelstein/Local Sites/oded/app/public/wp-includes/template-loader.php(106): include('/Users/odeliafi...')
#3 /Users/odeliafinkelstein/Local Sites/oded/app/public/wp-blog-header.php(19): require_once('/Users/odeliafi...')
#4 /Users/odeliafinkelstein/Local Sites/oded/app/public/index.php(17): require('/Users/odeliafi...')
#5 {main}
  thrown in /Users/odeliafinkelstein/Local Sites/oded/app/public/wp-includes/formatting.php on line 4467
